
> balamya@0.1.0 build
> vite build

[36mvite v7.3.1 [32mbuilding client environment for production...[36m[39m
transforming...
[32mÔ£ô[39m 125 modules transformed.
node.exe : 
[31mÔ£ù[39m Build 
failed in 2.27s
En línea: 1 
Carácter: 1
+ & "C:\Program Files
\nodejs/node.exe" 
"C:\Program 
Files\nodejs/node_mo 
...
+ ~~~~~~~~~~~~~~~~~~~
~~~~~~~~~~~~~~~~~~~~~
~~~~~~~~~~~~~~~~~~~~~
~~~~~~~~
    + CategoryInfo   
           : 
NotSpecified:     
([31mÔ£ù[39m Build 
    failed in 
2.27s:Str    ing) 
[], RemoteExcep    
tion
    + 
FullyQualifiedErro   
 rId : 
NativeCommandE    
rror
 
[31merror during 
build:
[31mCould not 
resolve "../styles/Pa
tientsPage.module.css
" from "src/component
s/common/FiltersBar.j
s"[31m
file: [36mC:/Users/c
husi/OneDrive/Desktop
/BALAMYA/src/componen
ts/common/FiltersBar.
js[31m
    at 
getRollupError (file:
///C:/Users/chusi/One
Drive/Desktop/BALAMYA
/node_modules/rollup/
dist/es/shared/parseA
st.js:402:41)
    at error (file://
/C:/Users/chusi/OneDr
ive/Desktop/BALAMYA/n
ode_modules/rollup/di
st/es/shared/parseAst
.js:398:42)
    at ModuleLoader.h
andleInvalidResolvedI
d (file:///C:/Users/c
husi/OneDrive/Desktop
/BALAMYA/node_modules
/rollup/dist/es/share
d/node-entry.js:21687
:24)
    at file:///C:/Use
rs/chusi/OneDrive/Des
ktop/BALAMYA/node_mod
ules/rollup/dist/es/s
hared/node-entry.js:2
1647:26[39m
