
> balamya@0.1.0 build
> vite build

[36mvite v7.3.1 [32mbuilding client environment for production...[36m[39m
transforming...
[32mÔ£ô[39m 1026 modules transformed.
rendering chunks...
computing gzip size...
[2mbuild/[22m[32mindex.html                          [39m[1m[2m  0.82 kB[22m[1m[22m[2m Ôöé gzip:   0.49 kB[22m
[2mbuild/[22m[32massets/unnamed-uR6UE_Qg.png         [39m[1m[2m441.76 kB[22m[1m[22m
[2mbuild/[22m[35massets/index-DwPInczu.css           [39m[1m[2m146.98 kB[22m[1m[22m[2m Ôöé gzip:  25.88 kB[22m
[2mbuild/[22m[36massets/purify.es-Bzr520pe.js        [39m[1m[2m 22.45 kB[22m[1m[22m[2m Ôöé gzip:   8.63 kB[22m
[2mbuild/[22m[36massets/index.es-jXVkdvb7.js         [39m[1m[2m158.62 kB[22m[1m[22m[2m Ôöé gzip:  52.95 kB[22m
[2mbuild/[22m[36massets/html2canvas.esm-DXEQVQnt.js  [39m[1m[2m201.04 kB[22m[1m[22m[2m Ôöé gzip:  47.43 kB[22m
[2mbuild/[22m[36massets/jspdf.es.min-umYIjXYy.js     [39m[1m[2m385.86 kB[22m[1m[22m[2m Ôöé gzip: 126.13 kB[22m
[2mbuild/[22m[36massets/index-zh-kzLTI.js            [39m[1m[33m764.45 kB[39m[22m[2m Ôöé gzip: 221.09 kB[22m
[32mÔ£ô built in 10.01s[39m
node.exe : [33m
En línea: 1 Carácter: 1
+ & "C:\Program 
Files\nodejs/node.exe" 
"C:\Program 
Files\nodejs/node_mo ...
+ ~~~~~~~~~~~~~~~~~~~~~~~
~~~~~~~~~~~~~~~~~~~~~~~~~
~~~~~~~~~~~~~~~~~~~~~
    + CategoryInfo       
       : NotSpecified:   
  ([33m:String) [], R   
 emoteException
    + FullyQualifiedErro 
   rId : NativeCommandE  
  rror
 
(!) Some chunks are 
larger than 500 kB after 
minification. Consider:
- Using dynamic import() 
to code-split the 
application
- Use build.rollupOptions
.output.manualChunks to 
improve chunking: https:/
/rollupjs.org/configurati
on-options/#output-manual
chunks
- Adjust chunk size 
limit for this warning 
via build.chunkSizeWarnin
gLimit.[39m
