
> balamya@0.1.0 build
> vite build

[36mvite v7.3.1 [32mbuilding client environment for production...[36m[39m
transforming...
[32mÔ£ô[39m 71 modules transformed.
node.exe : [31mÔ£ù[39m 
Build failed in 1.01s
En línea: 1 Carácter: 1
+ & "C:\Program 
Files\nodejs/node.exe" 
"C:\Program 
Files\nodejs/node_mo ...
+ ~~~~~~~~~~~~~~~~~~~~~~~
~~~~~~~~~~~~~~~~~~~~~~~~~
~~~~~~~~~~~~~~~~~~~~~
    + CategoryInfo       
       : NotSpecified:   
  ([31mÔ£ù[39m Build   
  failed in 1.01s:Str    
ing) [], RemoteExcep    
tion
    + FullyQualifiedErro 
   rId : NativeCommandE  
  rror
 
[31merror during build:
[31mCould not resolve ".
./styles/FormsPage.css" 
from "src/pages/FormsPage
.js"[31m
file: [36mC:/Users/chusi
/OneDrive/Desktop/BALAMYA
/src/pages/FormsPage.js[
31m
    at getRollupError (fi
le:///C:/Users/chusi/OneD
rive/Desktop/BALAMYA/node
_modules/rollup/dist/es/s
hared/parseAst.js:402:41)
    at error (file:///C:/
Users/chusi/OneDrive/Desk
top/BALAMYA/node_modules/
rollup/dist/es/shared/par
seAst.js:398:42)
    at ModuleLoader.handl
eInvalidResolvedId (file:
///C:/Users/chusi/OneDriv
e/Desktop/BALAMYA/node_mo
dules/rollup/dist/es/shar
ed/node-entry.js:21687:24
)
    at file:///C:/Users/c
husi/OneDrive/Desktop/BAL
AMYA/node_modules/rollup/
dist/es/shared/node-entry
.js:21647:26[39m
